<PAMDataset>
  <PAMRasterBand band="1">
    <Metadata>
      <MDI key="STATISTICS_MAXIMUM">1066.8477783203</MDI>
      <MDI key="STATISTICS_MEAN">1000.5039778344</MDI>
      <MDI key="STATISTICS_MINIMUM">977.02404785156</MDI>
      <MDI key="STATISTICS_STDDEV">28.8419362722</MDI>
      <MDI key="STATISTICS_VALID_PERCENT">100</MDI>
    </Metadata>
  </PAMRasterBand>
</PAMDataset>
